BENCHMARK STARTED
1539957130.395084 54
1539957130.808933 53
1539957131.251914 54
1539957131.663844 54
1539957132.084540 54
1539957132.499352 54
1539957132.981273 54
1539957133.409259 54
1539957133.826418 54
1539957134.240638 54
1539957134.678385 53
1539957135.098568 54
1539957135.515526 53
1539957135.928401 54
1539957136.347991 54
1539957136.755256 54
1539957137.170310 54
1539957137.588202 54
1539957138.045540 54
1539957138.460563 54
1539957138.874855 54
1539957139.285691 54
1539957139.738769 54
1539957140.151827 54
1539957140.571386 54
1539957140.988076 54
1539957141.409172 54
1539957141.820888 54
1539957142.234001 54
1539957142.644979 54
1539957143.065487 54
1539957143.481949 54
1539957143.893505 54
1539957144.336812 54
1539957144.782437 54
1539957145.198496 54
1539957145.613604 54
1539957146.074920 54
1539957146.499126 54
1539957146.915064 54
1539957147.324505 55
1539957147.805679 54
1539957148.236428 54
1539957148.653820 54
1539957149.073645 54
1539957149.564182 54
1539957150.013163 54
1539957150.434539 54
1539957150.846664 54
1539957151.325051 54
1539957151.736692 54
1539957152.162804 54
1539957152.577588 54
1539957153.019929 54
1539957153.433117 54
1539957153.844390 54
1539957154.253717 55
1539957154.664398 54
1539957155.080552 54
1539957155.497518 54
1539957155.908714 54
1539957156.341784 54
1539957156.758309 54
1539957157.165645 54
1539957157.643073 54
1539957158.089648 55
1539957158.509593 54
1539957158.921941 54
1539957159.416007 54
1539957159.851388 54
1539957160.271260 54
1539957160.678679 54
1539957161.156284 54
1539957161.581695 54
1539957162.003699 54
1539957162.416655 54
1539957162.895200 54
1539957163.330324 54
1539957163.751692 54
1539957164.162985 54
1539957164.596429 54
1539957165.015707 54
1539957165.431208 55
1539957165.841420 54
1539957166.301543 54
1539957166.714112 54
1539957167.128177 54
1539957167.545186 55
1539957167.956296 55
1539957168.388199 54
1539957168.806323 54
1539957169.215219 54
1539957169.641584 54
1539957170.056282 54
1539957170.473446 54
1539957170.943210 54
1539957171.379504 54
1539957171.800568 54
1539957172.210498 54
1539957172.703519 55
1539957173.132632 54
1539957173.557607 54
1539957173.972980 54
1539957174.462847 54
1539957174.900792 54
1539957175.321840 54
1539957175.734567 54
1539957176.185617 54
1539957176.606527 54
1539957177.025554 54
1539957177.439885 54
1539957177.894005 54
1539957178.308096 54
1539957178.720215 54
1539957179.130926 54
1539957179.554065 54
1539957179.975613 54
1539957180.391695 54
1539957180.803080 54
1539957181.239662 54
1539957181.652793 54
1539957182.072982 54
1539957182.546056 54
1539957182.985806 54
1539957183.404161 54
1539957183.816159 54
1539957184.261654 54
1539957184.674261 54
1539957185.105234 54
1539957185.523133 54
1539957185.966306 54
1539957186.387664 54
1539957186.807687 54
1539957187.218306 54
1539957187.695900 55
1539957188.132391 54
1539957188.562505 54
1539957188.979880 55
1539957189.463133 54
1539957189.883359 54
1539957190.295216 54
1539957190.704318 54
1539957191.165771 54
1539957191.585485 54
1539957192.002644 54
1539957192.416649 55
1539957192.863671 54
1539957193.276677 55
1539957193.689865 54
1539957194.104541 55
1539957194.523711 54
1539957194.937949 54
1539957195.345257 54
1539957195.767568 54
1539957196.190331 54
1539957196.603167 54
1539957197.021246 54
1539957197.462804 54
1539957197.879499 54
1539957198.290356 54
1539957198.714795 54
1539957199.170053 55
1539957199.589605 54
1539957200.015951 54
1539957200.429455 54
1539957200.913077 54
1539957201.352094 54
1539957201.775977 54
1539957202.184159 55
1539957202.635179 54
1539957203.055266 55
1539957203.481934 54
1539957203.893095 54
1539957204.371602 54
1539957204.789172 54
1539957205.209400 55
1539957205.619399 54
1539957206.060871 54
1539957206.480973 54
1539957206.898058 54
1539957207.308660 54
1539957207.723535 54
1539957208.138025 54
1539957208.555645 54
1539957208.987791 54
1539957209.413486 54
1539957209.824892 54
1539957210.245220 54
1539957210.683576 54
1539957211.106442 54
1539957211.533784 54
1539957211.942151 54
1539957212.424238 54
1539957212.839334 54
1539957213.255805 54
1539957213.671302 54
1539957214.164111 55
1539957214.607576 54
1539957215.034067 54
1539957215.440880 54
1539957215.891779 54
1539957216.309611 54
1539957216.726596 54
1539957217.141146 54
1539957217.601244 54
1539957218.013132 54
1539957218.424069 54
1539957218.838602 54
1539957219.253671 54
1539957219.667525 54
1539957220.087980 54
1539957220.516209 54
1539957220.952307 54
1539957221.372362 54
1539957221.793067 54
1539957222.273028 54
1539957222.716456 54
1539957223.139093 54
1539957223.560211 54
1539957224.018588 54
1539957224.445228 54
1539957224.870267 54
1539957225.281384 54
1539957225.722583 54
1539957226.135927 54
1539957226.563405 54
1539957226.981460 54
1539957227.422835 54
1539957227.835318 54
1539957228.253699 54
1539957228.676309 54
1539957229.125364 54
1539957229.544567 54
1539957229.956590 54
1539957230.375820 54
1539957230.794020 54
1539957231.206838 54
1539957231.621474 54
1539957232.065284 54
1539957232.502240 54
1539957232.925693 54
1539957233.340578 54
1539957233.766437 54
1539957234.180884 54
1539957234.607899 54
1539957235.026315 54
1539957235.481528 54
1539957235.896607 54
1539957236.318027 54
1539957236.730260 54
1539957237.190905 54
1539957237.611269 54
1539957238.037672 55
1539957238.451957 54
1539957238.931766 54
1539957239.349219 54
1539957239.768450 54
1539957240.179099 54
1539957240.684756 54
1539957241.109265 54
1539957241.537801 54
1539957241.950149 54
1539957242.400537 54
1539957242.814247 54
1539957243.226790 54
1539957243.642197 54
1539957244.065183 54
1539957244.482037 54
1539957244.903581 54
1539957245.343491 54
1539957245.772867 54
1539957246.186369 54
1539957246.612275 53
1539957247.086434 54
1539957247.504036 54
1539957247.928178 54
1539957248.338717 54
1539957248.783108 54
1539957249.199845 54
1539957249.622779 54
1539957250.044350 53
1539957250.538439 54
1539957250.971751 54
1539957251.396755 54
1539957251.809423 54
1539957252.283760 55
1539957252.719952 54
1539957253.141160 54
1539957253.559574 54
1539957254.020725 54
1539957254.437938 54
1539957254.850227 54
1539957255.265487 55
1539957255.685793 54
1539957256.103334 55
1539957256.523380 54
1539957256.936607 54
1539957257.372155 54
1539957257.786018 54
1539957258.193032 54
1539957258.622399 54
1539957259.045419 54
1539957259.471215 54
1539957259.888968 54
1539957260.333022 54
1539957260.750096 54
1539957261.174934 54
1539957261.592859 54
1539957262.046360 55
1539957262.463603 54
1539957262.888978 54
1539957263.304427 54
1539957263.765127 55
1539957264.181414 53
1539957264.607950 55
1539957265.026465 54
1539957265.470336 54
1539957265.899541 54
1539957266.325835 54
1539957266.740213 54
1539957267.216354 54
1539957267.631929 54
1539957268.058684 54
1539957268.474590 54
1539957268.898336 54
1539957269.313464 54
1539957269.725944 54
1539957270.140030 54
1539957270.560407 54
1539957270.975855 54
1539957271.389746 54
1539957271.811632 54
1539957272.229047 54
1539957272.642762 54
1539957273.066071 54
1539957273.544069 54
1539957273.956848 54
1539957274.383150 54
1539957274.794271 54
1539957275.273186 53
1539957275.713291 54
1539957276.135444 54
1539957276.555930 54
1539957277.015859 54
1539957277.434500 54
1539957277.849321 54
1539957278.261956 54
1539957278.753761 54
1539957279.190140 54
1539957279.614043 54
1539957280.034699 54
1539957280.495974 54
1539957280.910711 54
1539957281.324499 54
1539957281.738907 54
1539957282.165246 54
1539957282.585034 55
1539957283.008143 54
1539957283.422503 54
1539957283.836575 54
1539957284.250727 54
1539957284.664543 54
1539957285.098521 54
1539957285.518130 54
1539957285.940746 54
1539957286.359634 54
1539957286.835719 54
1539957287.252698 54
1539957287.664935 54
1539957288.099191 54
1539957288.553493 54
1539957288.965241 54
1539957289.393666 54
1539957289.806218 55
1539957290.249674 54
1539957290.665631 54
1539957291.087946 54
1539957291.505744 54
1539957291.988749 54
1539957292.406100 54
1539957292.824790 54
1539957293.239326 54
1539957293.693792 55
1539957294.113423 54
1539957294.533621 54
1539957294.944659 54
1539957295.363501 54
1539957295.780230 54
1539957296.192076 54
1539957296.621922 54
1539957297.059328 55
1539957297.475394 54
1539957297.897781 54
1539957298.343432 54
1539957298.760574 54
1539957299.180149 54
1539957299.605210 54
1539957300.095952 54
1539957300.536738 54
1539957300.957931 54
1539957301.376295 54
1539957301.830799 54
1539957302.249526 54
1539957302.662767 54
1539957303.081381 54
1539957303.541963 54
1539957303.956064 54
1539957304.376922 54
1539957304.790004 54
1539957305.246221 54
1539957305.661749 54
1539957306.079799 54
1539957306.493881 54
1539957306.910495 54
1539957307.323399 54
1539957307.733716 55
1539957308.144975 54
1539957308.599875 54
1539957309.015085 54
1539957309.435649 54
1539957309.896005 54
1539957310.316585 54
1539957310.738670 55
1539957311.151467 55
1539957311.590541 54
1539957312.010558 55
1539957312.430197 54
1539957312.839847 54
1539957313.318763 54
1539957313.760213 54
1539957314.179152 55
1539957314.598542 54
1539957315.079592 55
1539957315.500371 55
1539957315.916705 54
1539957316.328200 54
1539957316.803655 54
1539957317.228630 54
1539957317.649395 54
1539957318.067714 54
1539957318.505304 55
1539957318.919157 54
1539957319.330548 54
1539957319.741301 55
1539957320.158108 54
1539957320.575176 54
1539957320.994356 54
1539957321.437315 54
1539957321.874851 54
1539957322.288009 54
1539957322.709036 54
1539957323.144192 54
1539957323.569312 55
1539957323.996701 54
1539957324.410793 54
1539957324.883024 54
1539957325.321317 54
1539957325.740912 54
1539957326.154236 55
1539957326.607480 54
1539957327.044075 54
1539957327.470360 54
1539957327.887900 54
1539957328.344172 54
1539957328.760613 54
1539957329.175549 54
1539957329.596923 54
1539957330.038056 54
1539957330.453059 54
1539957330.872057 54
1539957331.286370 54
1539957331.703108 54
1539957332.117866 55
1539957332.541966 54
1539957333.008583 54
1539957333.452417 54
1539957333.879151 54
1539957334.294041 54
1539957334.783738 54
1539957335.217886 54
1539957335.637928 54
1539957336.055266 55
1539957336.545287 55
1539957336.973330 55
1539957337.389004 54
1539957337.800170 54
1539957338.243037 55
1539957338.655706 55
1539957339.074271 54
1539957339.492140 54
1539957339.934040 54
1539957340.346461 55
1539957340.763101 55
1539957341.178912 54
1539957341.603859 55
1539957342.020995 54
1539957342.433972 55
1539957342.875685 55
1539957343.301021 54
1539957343.715733 54
1539957344.139791 54
1539957344.574501 54
1539957344.993823 54
1539957345.416184 54
1539957345.829480 55
1539957346.316681 55
1539957346.751856 54
1539957347.170792 54
1539957347.592645 54
1539957348.086193 54
1539957348.524439 55
1539957348.944223 54
1539957349.366429 54
1539957349.801308 55
1539957350.216181 55
1539957350.628633 54
1539957351.047548 55
1539957351.460127 54
1539957351.879751 54
1539957352.292300 55
1539957352.703224 55
1539957353.146364 55
1539957353.562683 54
1539957353.988956 54
1539957354.433568 54
1539957354.870240 55
1539957355.290556 55
1539957355.705257 54
1539957356.196220 54
1539957356.638264 54
1539957357.062234 54
1539957357.480777 54
1539957357.965687 54
1539957358.402624 55
1539957358.822393 55
1539957359.235393 55
1539957359.684314 55
1539957360.104798 55
1539957360.525615 55
1539957360.937431 54
1539957361.365759 54
1539957361.778691 54
1539957362.193534 55
1539957362.609936 54
1539957363.030907 54
1539957363.439312 55
1539957363.845167 55
1539957364.295662 54
1539957364.742310 55
1539957365.167513 54
1539957365.589473 55
1539957366.045076 55
1539957366.462716 54
1539957366.887831 55
1539957367.299248 55
1539957367.785296 55
1539957368.220865 55
1539957368.639757 54
1539957369.058900 54
1539957369.500821 55
1539957369.919094 54
1539957370.333388 54
1539957370.746885 54
1539957371.171830 54
1539957371.602430 54
1539957372.020350 54
1539957372.432943 54
1539957372.901473 54
1539957373.315947 54
1539957373.729217 54
1539957374.140908 54
1539957374.575066 54
1539957374.988228 54
1539957375.402032 54
1539957375.815448 55
1539957376.231373 54
1539957376.657907 54
1539957377.074027 54
1539957377.538730 55
1539957377.974904 55
1539957378.398921 54
1539957378.813915 54
1539957379.285852 54
1539957379.699100 55
1539957380.121571 55
1539957380.539799 54
1539957381.026080 54
1539957381.475953 54
1539957381.901598 55
1539957382.308961 54
1539957382.761108 55
1539957383.175324 55
1539957383.603025 54
1539957384.019069 55
1539957384.496484 54
1539957384.907955 54
1539957385.322301 54
1539957385.734775 54
1539957386.178823 54
1539957386.601860 54
1539957387.030803 54
1539957387.441994 54
1539957387.857564 54
1539957388.265206 54
1539957388.679491 54
1539957389.144939 54
1539957389.573730 54
1539957389.998593 54
1539957390.411765 54
1539957390.893023 55
1539957391.333111 54
1539957391.754138 55
1539957392.170112 55
1539957392.622055 55
1539957393.044044 54
1539957393.465091 55
1539957393.884072 54
1539957394.306731 54
1539957394.722563 55
1539957395.143973 55
1539957395.563421 54
1539957396.043000 54
1539957396.455782 54
1539957396.872650 54
1539957397.286240 55
1539957397.724896 54
1539957398.136106 55
1539957398.548438 55
1539957398.958703 54
1539957399.378715 55
1539957399.794806 55
1539957400.205248 54
1539957400.618945 55
1539957401.066159 54
1539957401.481939 54
1539957401.902917 55
1539957402.383737 54
1539957402.828334 54
1539957403.246071 55
1539957403.659286 54
1539957404.112355 54
1539957404.532374 55
1539957404.949853 54
1539957405.364778 54
1539957405.855450 54
1539957406.290793 55
1539957406.709891 55
1539957407.122130 55
1539957407.563959 55
1539957407.993635 55
1539957408.406022 54
1539957408.819871 54
1539957409.266317 54
1539957409.680268 54
1539957410.100213 55
1539957410.514453 55
1539957410.943497 54
1539957411.359557 55
1539957411.770908 55
1539957412.178525 54
1539957412.599564 55
1539957413.015811 55
1539957413.428052 54
1539957413.876010 54
1539957414.290751 55
1539957414.705713 54
1539957415.126663 54
1539957415.604613 54
1539957416.058292 54
1539957416.483490 54
1539957416.890505 54
1539957417.327699 55
1539957417.744936 54
1539957418.166394 55
1539957418.586170 55
1539957419.035638 55
1539957419.455072 54
1539957419.880399 55
1539957420.293026 55
1539957420.743295 54
1539957421.158905 54
1539957421.576130 55
1539957421.993731 54
1539957422.487271 55
1539957422.901458 54
1539957423.322308 54
1539957423.737796 55
1539957424.189619 55
1539957424.607917 55
1539957425.031308 55
1539957425.444130 55
1539957425.862618 55
1539957426.275741 55
1539957426.691104 55
1539957427.118274 54
1539957427.558765 55
1539957427.972483 54
1539957428.394694 55
1539957428.816921 54
1539957429.231316 55
1539957429.651550 55
1539957430.070667 55
1539957430.519667 55
1539957430.931614 54
1539957431.354090 54
1539957431.769051 55
1539957432.204357 55
1539957432.621468 54
1539957433.050327 54
1539957433.465328 55
1539957433.908974 54
1539957434.323577 55
1539957434.745448 55
1539957435.161216 54
1539957435.653838 54
1539957436.139728 55
1539957436.561124 54
1539957436.966395 55
1539957437.455553 55
1539957437.889515 54
1539957438.308309 54
1539957438.722014 55
1539957439.181362 54
1539957439.603337 54
1539957440.023721 54
1539957440.439846 55
1539957440.858904 55
1539957441.273340 54
1539957441.689379 55
1539957442.136112 54
1539957442.579889 54
1539957443.004959 55
1539957443.418936 54
1539957443.874720 54
1539957444.292942 55
1539957444.717700 55
1539957445.131515 54
1539957445.590683 54
1539957446.012268 54
1539957446.438332 54
1539957446.856482 54
1539957447.303148 55
1539957447.720108 55
1539957448.141732 54
1539957448.559356 55
1539957449.035259 55
1539957449.449810 55
1539957449.876837 54
1539957450.290469 54
1539957450.746676 54
1539957451.170330 54
1539957451.593302 54
1539957452.010926 54
1539957452.458238 55
1539957452.875227 55
1539957453.288212 55
1539957453.704763 55
1539957454.123543 54
1539957454.544635 55
1539957454.959402 54
1539957455.426785 55
1539957455.877868 54
1539957456.293611 54
1539957456.708002 55
1539957457.198713 54
1539957457.631306 55
1539957458.073313 54
1539957458.495654 54
1539957458.958456 54
1539957459.379250 55
1539957459.797497 55
1539957460.211238 54
1539957460.652407 54
1539957461.072131 55
1539957461.493195 54
1539957461.905658 54
1539957462.333312 54
1539957462.750781 55
1539957463.165454 54
1539957463.581985 54
1539957464.005356 54
1539957464.422237 55
1539957464.835555 55
1539957465.271106 55
1539957465.684727 54
1539957466.115014 55
1539957466.534893 54
1539957467.002369 55
1539957467.440715 55
1539957467.866110 54
1539957468.282237 54
1539957468.765501 54
1539957469.188665 54
1539957469.611659 54
1539957470.028722 55
1539957470.516565 55
1539957470.929118 54
1539957471.344276 55
1539957471.758330 55
1539957472.228808 55
1539957472.642269 54
1539957473.060863 55
1539957473.474368 55
1539957473.901507 55
1539957474.313941 55
1539957474.731695 55
1539957475.143612 55
1539957475.564674 54
1539957475.984145 54
1539957476.402466 54
1539957476.873119 55
1539957477.302741 54
1539957477.722792 54
1539957478.137519 54
1539957478.581093 55
1539957479.002255 54
1539957479.434903 55
1539957479.849382 54
1539957480.291088 55
1539957480.703294 55
1539957481.129579 54
1539957481.548992 54
1539957481.989944 55
1539957482.405396 54
1539957482.827955 54
1539957483.241197 54
1539957483.683154 55
1539957484.109591 55
1539957484.533231 54
1539957484.945345 55
1539957485.430430 54
1539957485.846042 54
1539957486.264628 54
1539957486.675123 54
1539957487.118477 55
1539957487.534518 55
1539957487.942774 54
1539957488.357663 54
1539957488.773561 54
1539957489.188569 54
1539957489.608670 55
1539957490.058141 54
1539957490.499044 55
1539957490.908852 54
1539957491.334676 55
1539957491.787516 54
1539957492.203246 54
1539957492.626519 55
1539957493.043134 54
1539957493.502715 55
1539957493.915515 55
1539957494.338783 54
1539957494.750503 54
1539957495.186477 54
1539957495.610944 54
1539957496.030995 54
1539957496.444268 54
1539957496.882748 55
1539957497.298914 54
1539957497.719845 55
1539957498.134907 54
1539957498.625383 55
1539957499.068613 55
1539957499.493176 54
1539957499.904846 55
1539957500.375594 55
1539957500.788906 55
1539957501.205412 54
1539957501.621842 54
1539957502.084060 54
1539957502.505766 54
1539957502.920012 54
1539957503.336756 55
1539957503.753466 54
1539957504.166378 54
1539957504.585155 54
1539957505.000787 55
1539957505.448143 55
1539957505.862852 54
1539957506.286125 54
1539957506.756876 54
1539957507.203317 55
1539957507.623216 55
1539957508.039729 55
1539957508.494303 54
1539957508.908767 54
1539957509.323818 54
1539957509.734266 54
1539957510.214101 54
1539957510.659466 55
1539957511.089485 54
1539957511.506841 55
1539957511.948730 55
1539957512.364855 54
1539957512.776717 55
1539957513.185428 55
1539957513.636411 54
1539957514.050046 54
1539957514.460901 54
1539957514.876135 54
1539957515.292033 54
1539957515.706355 54
1539957516.124252 54
1539957516.568506 55
1539957517.009146 54
1539957517.434014 55
1539957517.845868 55
1539957518.333106 54
1539957518.761513 54
1539957519.180100 54
1539957519.598405 55
1539957520.103312 54
1539957520.536782 55
1539957520.959976 54
1539957521.375702 54
1539957521.844806 55
1539957522.252483 54
1539957522.674469 54
1539957523.094711 54
1539957523.534705 55
1539957523.949062 55
1539957524.364913 54
1539957524.778521 54
1539957525.189688 54
1539957525.608186 54
1539957526.024260 55
1539957526.479215 54
1539957526.894801 55
1539957527.307984 54
1539957527.726277 55
1539957528.204407 55
1539957528.654525 54
1539957529.075069 54
1539957529.492208 54
1539957529.939365 54
1539957530.349869 54
1539957530.768110 54
1539957531.178726 54
1539957531.655661 55
1539957532.073797 54
1539957532.494466 55
1539957532.908241 55
1539957533.394749 54
1539957533.829629 55
1539957534.252263 54
1539957534.664601 55
1539957535.110528 54
1539957535.528582 54
1539957535.943458 54
1539957536.357535 54
1539957536.804717 54
1539957537.218142 55
1539957537.633442 55
1539957538.049731 54
1539957538.483114 54
1539957538.899690 55
1539957539.316009 54
1539957539.733628 54
1539957540.145759 55
1539957540.562684 55
1539957540.975497 55
1539957541.440755 55
1539957541.881712 54
1539957542.302502 54
1539957542.712258 54
1539957543.195177 56
1539957543.641100 55
1539957544.067633 55
1539957544.477911 54
1539957544.911945 55
1539957545.337937 54
1539957545.757921 54
1539957546.171291 55
1539957546.603058 55
1539957547.021452 54
1539957547.444350 54
1539957547.856302 54
1539957548.296524 54
1539957548.708746 54
1539957549.132452 55
1539957549.551615 54
1539957549.983303 54
1539957550.408948 54
1539957550.823564 54
1539957551.238169 55
1539957551.704523 54
1539957552.121118 54
1539957552.540687 54
1539957552.953150 55
1539957553.376220 55
1539957553.788571 55
1539957554.199578 55
1539957554.616063 55
1539957555.032274 54
1539957555.446035 54
1539957555.867558 54
1539957556.339988 54
1539957556.771107 55
1539957557.189710 55
1539957557.608546 54
1539957558.064750 54
1539957558.480222 55
1539957558.904240 54
1539957559.316171 55
1539957559.796244 55
1539957560.241892 54
1539957560.662381 55
1539957561.081632 54
1539957561.571371 54
1539957561.985605 54
1539957562.403735 54
1539957562.817955 54
1539957563.261745 54
1539957563.673337 54
1539957564.091654 55
1539957564.508784 54
1539957564.922146 54
1539957565.332321 54
1539957565.743920 55
1539957566.172854 55
1539957566.621940 54
1539957567.049262 54
1539957567.461793 54
1539957567.916655 54
1539957568.330505 54
1539957568.749151 55
1539957569.160320 54
1539957569.606817 54
1539957570.023246 54
1539957570.443716 55
1539957570.856382 54
1539957571.326671 54
1539957571.741096 55
1539957572.166646 55
1539957572.586780 54
1539957573.081030 54
1539957573.501620 54
1539957573.919747 54
1539957574.329792 54
1539957574.815185 55
1539957575.249648 54
1539957575.668625 54
1539957576.086562 54
1539957576.557732 54
1539957576.971192 54
1539957577.392705 54
1539957577.804379 55
1539957578.222864 55
1539957578.634768 54
1539957579.055697 55
1539957579.470585 54
1539957579.910787 55
1539957580.324074 55
1539957580.736839 54
1539957581.214895 54
1539957581.632962 55
1539957582.058549 55
1539957582.469461 54
1539957582.952677 54
1539957583.369780 54
1539957583.785989 54
1539957584.197446 54
1539957584.692120 54
1539957585.124406 54
1539957585.550477 55
1539957585.960827 55
1539957586.413950 54
1539957586.827811 55
1539957587.248244 54
1539957587.660815 54
1539957588.145117 54
1539957588.571492 54
1539957588.986869 54
1539957589.403457 54
1539957589.873238 55
1539957590.287653 54
1539957590.698760 54
1539957591.114582 54
1539957591.567734 54
1539957591.979314 54
1539957592.394346 54
1539957592.805265 55
1539957593.220679 54
1539957593.636093 54
1539957594.060439 54
1539957594.494404 55
1539957594.945178 54
1539957595.369349 55
1539957595.780887 55
1539957596.271550 55
1539957596.705762 54
1539957597.127907 55
1539957597.544834 54
1539957598.041244 55
1539957598.475000 54
1539957598.899682 55
1539957599.315613 54
1539957599.760859 55
1539957600.171000 54
1539957600.592087 54
1539957601.009114 54
1539957601.431190 54
1539957601.845075 55
1539957602.258001 54
1539957602.670634 54
1539957603.090084 54
1539957603.503741 54
1539957603.914187 54
1539957604.375583 55
1539957604.828971 54
1539957605.250449 54
1539957605.661059 54
1539957606.113530 54
1539957606.531668 54
1539957606.948596 55
1539957607.362307 54
1539957607.824664 55
1539957608.240286 54
1539957608.662288 55
1539957609.078436 55
1539957609.531458 54
1539957609.942994 54
1539957610.367358 55
1539957610.778555 55
1539957611.221132 54
1539957611.636184 54
1539957612.060175 54
1539957612.472600 55
1539957612.919050 54
1539957613.332982 55
1539957613.751581 54
1539957614.161900 55
1539957614.602291 55
1539957615.018496 55
1539957615.445236 54
1539957615.859874 54
1539957616.291653 54
1539957616.702963 54
1539957617.126586 54
1539957617.545927 54
1539957617.986138 54
1539957618.404156 55
1539957618.827950 54
1539957619.240959 54
1539957619.671589 54
1539957620.088764 55
1539957620.504870 54
1539957620.915521 55
1539957621.360709 55
1539957621.772881 54
1539957622.185362 54
1539957622.603424 54
1539957623.020139 54
1539957623.434711 54
1539957623.845475 54
1539957624.258111 54
1539957624.687907 54
1539957625.105470 54
1539957625.529983 54
1539957626.019655 54
1539957626.472083 55
1539957626.897745 54
1539957627.310325 55
1539957627.730514 55
1539957628.145026 54
1539957628.570188 55
1539957628.984488 54
1539957629.465401 55
1539957629.882599 55
1539957630.300628 55
1539957630.709667 55
1539957631.204514 54
1539957631.641248 54
1539957632.076859 54
1539957632.495213 54
1539957632.960522 54
1539957633.373069 55
1539957633.788135 55
1539957634.197687 54
1539957634.620722 55
1539957635.040793 55
1539957635.448856 55
1539957635.866270 55
1539957636.282382 54
1539957636.692278 54
1539957637.118100 55
1539957637.558327 54
1539957637.971284 54
1539957638.385934 54
1539957638.805302 55
1539957639.265495 54
1539957639.677964 54
1539957640.103445 55
1539957640.520468 54
1539957641.001454 55
1539957641.417293 54
1539957641.836572 55
1539957642.252319 55
1539957642.678202 55
1539957643.098849 54
1539957643.524321 54
1539957643.938106 54
1539957644.390364 54
1539957644.809070 54
1539957645.229425 54
1539957645.641648 55
1539957646.103114 55
1539957646.523174 55
1539957646.941649 54
1539957647.356356 55
1539957647.826135 54
1539957648.242113 55
1539957648.656395 54
1539957649.073829 54
1539957649.559009 55
1539957649.972582 55
1539957650.386832 55
1539957650.796106 54
1539957651.264639 55
1539957651.676573 55
1539957652.096841 54
1539957652.518476 55
1539957652.943590 55
1539957653.365014 54
1539957653.779374 55
1539957654.189911 55
1539957654.610058 55
1539957655.026126 54
1539957655.439476 54
1539957655.896586 55
1539957656.350335 54
1539957656.771333 54
1539957657.180716 55
1539957657.632199 54
1539957658.052170 55
1539957658.473876 55
1539957658.895314 55
1539957659.342343 54
1539957659.752117 55
1539957660.173841 54
1539957660.592322 54
1539957661.032245 54
1539957661.448935 54
1539957661.868400 54
1539957662.282327 55
1539957662.719328 55
1539957663.139155 55
1539957663.567726 54
1539957663.981261 55
1539957664.431664 55
1539957664.846194 55
1539957665.260591 54
1539957665.671680 54
1539957666.124085 55
1539957666.547488 54
1539957666.957611 54
1539957667.370288 54
1539957667.808934 55
1539957668.219553 54
1539957668.640349 54
1539957669.059208 55
1539957669.476468 55
1539957669.898354 54
1539957670.307832 54
1539957670.743162 55
1539957671.181450 55
1539957671.610390 55
1539957672.029041 55
1539957672.531887 55
1539957672.948038 54
1539957673.368546 54
1539957673.784859 56
1539957674.273528 55
1539957674.705267 55
1539957675.122191 54
1539957675.551207 55
1539957675.992332 55
1539957676.413066 54
1539957676.826701 54
1539957677.241236 54
1539957677.695148 54
1539957678.116288 54
1539957678.536310 54
1539957678.949997 54
1539957679.391176 54
1539957679.803774 54
1539957680.216282 54
1539957680.641934 55
1539957681.065649 54
1539957681.483916 55
1539957681.901426 54
1539957682.343464 54
1539957682.783761 55
1539957683.193247 54
1539957683.617456 55
1539957684.078548 54
1539957684.496243 55
1539957684.921751 54
1539957685.333209 54
1539957685.780884 55
1539957686.202673 55
1539957686.633335 55
1539957687.052261 54
1539957687.503287 55
1539957687.916345 55
1539957688.335150 54
1539957688.748272 55
1539957689.249491 54
1539957689.683763 55
1539957690.110240 54
1539957690.528430 55
1539957691.018122 55
1539957691.433504 55
1539957691.844924 55
1539957692.260860 54
1539957692.732745 54
1539957693.149633 55
1539957693.570437 55
1539957693.981111 54
1539957694.400638 54
1539957694.813965 55
1539957695.225272 54
1539957695.642947 55
1539957696.064796 55
1539957696.482441 55
1539957696.908464 54
1539957697.364812 55
1539957697.816417 54
1539957698.240935 54
1539957698.655234 54
1539957699.148134 54
1539957699.593136 55
1539957700.020834 55
1539957700.435584 54
1539957700.890819 54
1539957701.306261 54
1539957701.723755 55
1539957702.146415 55
1539957702.610140 55
1539957703.029125 54
1539957703.445981 55
1539957703.861265 54
1539957704.293411 55
1539957704.703772 54
1539957705.117911 54
1539957705.533641 55
1539957705.948880 54
1539957706.365077 55
1539957706.780891 55
1539957707.214798 54
1539957707.658205 55
1539957708.099390 55
1539957708.516418 54
1539957708.965306 54
1539957709.381831 55
1539957709.801416 54
1539957710.212137 54
1539957710.665085 54
1539957711.092361 54
1539957711.519421 55
1539957711.932923 54
1539957712.367802 54
1539957712.780602 54
1539957713.200422 55
1539957713.615559 54
1539957714.085591 55
1539957714.510794 54
1539957714.934104 55
1539957715.342602 54
1539957715.791037 55
1539957716.202576 55
1539957716.617752 55
1539957717.036275 54
1539957717.453787 54
1539957717.871195 54
1539957718.287435 54
1539957718.696813 54
1539957719.136507 55
1539957719.554426 54
1539957719.969898 55
1539957720.445039 54
1539957720.891429 54
1539957721.308225 54
1539957721.718588 55
1539957722.164108 54
1539957722.583567 54
1539957723.006136 55
1539957723.420483 55
1539957723.872496 55
1539957724.303360 54
1539957724.724155 54
1539957725.142111 54
1539957725.580838 55
1539957725.995623 54
1539957726.419670 55
1539957726.836775 55
1539957727.279314 54
1539957727.695223 55
1539957728.116110 54
1539957728.536853 54
1539957729.004752 55
1539957729.428838 55
1539957729.842670 54
1539957730.254210 55
1539957730.673846 55
1539957731.097841 54
1539957731.517920 55
1539957731.934262 55
1539957732.367452 54
1539957732.781541 54
1539957733.192800 55
1539957733.645076 54
1539957734.068610 54
1539957734.492241 54
1539957734.914714 55
1539957735.346506 55
1539957735.766094 55
1539957736.186691 54
1539957736.603596 55
1539957737.069859 55
1539957737.485801 54
1539957737.910258 55
1539957738.322561 54
1539957738.813113 55
1539957739.250677 54
1539957739.673397 54
1539957740.096725 55
1539957740.532286 55
1539957740.950467 54
1539957741.369708 54
1539957741.785591 54
1539957742.226907 54
1539957742.645957 55
1539957743.065633 55
1539957743.479760 55
1539957743.892868 54
1539957744.306561 54
1539957744.714827 55
1539957745.157426 55
1539957745.616431 55
1539957746.043045 55
1539957746.458871 54
1539957746.945346 54
1539957747.380934 54
1539957747.803090 55
1539957748.214685 55
1539957748.703207 54
1539957749.153160 55
1539957749.579740 54
1539957749.994712 54
1539957750.470018 55
1539957750.886070 55
1539957751.306057 54
1539957751.720843 54
1539957752.173779 55
1539957752.593596 55
1539957753.005774 54
1539957753.424208 55
1539957753.842959 54
1539957754.258206 55
1539957754.674399 54
1539957755.106079 54
1539957755.551859 54
1539957755.961805 55
1539957756.386018 54
1539957756.831022 54
1539957757.248430 55
1539957757.672475 54
1539957758.094190 54
1539957758.548692 54
1539957758.960546 54
1539957759.383666 55
1539957759.799687 54
1539957760.275388 54
1539957760.688326 55
1539957761.113632 55
1539957761.532228 54
1539957762.025673 54
1539957762.481776 54
1539957762.903229 54
1539957763.318018 55
1539957763.799505 54
1539957764.211555 54
1539957764.637430 54
1539957765.052654 55
1539957765.491380 55
1539957765.907386 55
1539957766.319059 54
1539957766.732795 54
1539957767.154519 54
1539957767.576322 54
1539957768.005955 54
1539957768.476029 55
1539957768.909515 55
1539957769.329046 54
1539957769.740092 55
1539957770.175836 54
1539957770.598241 55
1539957771.021399 54
1539957771.438778 54
1539957771.923296 54
1539957772.351098 54
1539957772.775209 54
1539957773.188857 54
1539957773.633344 54
1539957774.060444 54
1539957774.480325 55
1539957774.893937 54
1539957775.373602 54
1539957775.796338 55
1539957776.216741 54
1539957776.637435 54
1539957777.087951 55
1539957777.506553 54
1539957777.918800 54
1539957778.330860 55
1539957778.759404 55
1539957779.174593 54
1539957779.593271 55
1539957780.009441 54
1539957780.426866 54
1539957780.844331 54
1539957781.254213 55
1539957781.686734 55
1539957782.125382 54
1539957782.542005 54
1539957782.961126 55
1539957783.453181 54
1539957783.884715 55
1539957784.305766 54
1539957784.713878 54
1539957785.168684 55
1539957785.591135 55
1539957786.016678 55
1539957786.436196 55
1539957786.896273 54
1539957787.311860 54
1539957787.733648 55
1539957788.151292 55
1539957788.636064 55
1539957789.059204 54
1539957789.483332 54
1539957789.905977 54
1539957790.352127 55
1539957790.767734 55
1539957791.182366 54
1539957791.602491 55
1539957792.032346 54
1539957792.448043 54
1539957792.866294 55
1539957793.276324 55
1539957793.692868 54
1539957794.112504 55
1539957794.530447 55
1539957794.979873 54
1539957795.395994 55
1539957795.812137 55
1539957796.231006 54
1539957796.655299 55
1539957797.071924 54
1539957797.492626 54
1539957797.903667 55
1539957798.330147 55
1539957798.748999 54
1539957799.172290 55
1539957799.588753 55
1539957800.065359 54
1539957800.486815 55
1539957800.909021 54
1539957801.323827 54
1539957801.805957 55
1539957802.249710 54
1539957802.675644 54
1539957803.096456 54
1539957803.587210 55
1539957804.005026 54
1539957804.424125 55
1539957804.837578 55
1539957805.277660 54
1539957805.690308 54
1539957806.114149 55
1539957806.531848 55
1539957806.952010 55
1539957807.368867 54
1539957807.786140 54
1539957808.222920 55
1539957808.653868 54
1539957809.074789 54
1539957809.496842 54
1539957809.985728 54
1539957810.423677 55
1539957810.845776 54
1539957811.263855 55
1539957811.718048 54
1539957812.137804 55
1539957812.565346 55
1539957812.974513 54
1539957813.421832 54
1539957813.840327 55
1539957814.262612 55
1539957814.675361 54
1539957815.134224 54
1539957815.561343 54
1539957815.982943 55
1539957816.395400 54
1539957816.855106 55
1539957817.268998 55
1539957817.678548 55
1539957818.096426 55
1539957818.518923 55
1539957818.928448 54
1539957819.340969 55
1539957819.778490 54
1539957820.209267 55
1539957820.626147 55
1539957821.055145 55
1539957821.505801 54
1539957821.922297 54
1539957822.350209 55
1539957822.765144 55
1539957823.209564 55
1539957823.630018 55
1539957824.055527 54
1539957824.471887 54
1539957824.963978 54
1539957825.402090 54
1539957825.826356 55
1539957826.240706 55
1539957826.693525 55
1539957827.112675 54
1539957827.536235 55
1539957827.952783 55
1539957828.416154 54
1539957828.834943 55
1539957829.242476 54
1539957829.656525 55
1539957830.080591 55
1539957830.495659 54
1539957830.911765 55
1539957831.324689 55
1539957831.756908 55
1539957832.173925 55
1539957832.608698 54
1539957833.054426 54
1539957833.470455 54
1539957833.895796 55
1539957834.310761 54
1539957834.764216 55
1539957835.181976 55
1539957835.609554 54
1539957836.026382 55
1539957836.475821 55
1539957836.894733 54
1539957837.320248 54
1539957837.729141 55
1539957838.223253 55
1539957838.659138 54
BENCHMARK ENDED
