BENCHMARK STARTED
1539953467.438262 53
1539953467.964076 54
1539953468.390764 54
1539953468.800538 53
1539953469.289174 54
1539953469.721144 54
1539953470.128250 53
1539953470.535505 54
1539953470.971605 54
1539953471.391199 54
1539953471.807734 53
1539953472.210792 53
1539953472.694359 54
1539953473.126400 54
1539953473.539160 54
1539953473.951807 54
1539953474.403225 53
1539953474.814041 54
1539953475.230456 54
1539953475.639918 54
1539953476.090916 54
1539953476.506545 54
1539953476.929243 54
1539953477.339262 55
1539953477.827918 53
1539953478.246911 54
1539953478.662918 53
1539953479.069964 54
1539953479.552049 54
1539953479.968192 54
1539953480.391305 53
1539953480.797649 54
1539953481.245245 54
1539953481.652134 54
1539953482.060161 54
1539953482.475127 54
1539953482.890697 54
1539953483.301001 54
1539953483.707910 54
1539953484.112563 54
1539953484.529512 54
1539953484.945623 54
1539953485.356378 54
1539953485.826310 54
1539953486.260677 54
1539953486.674741 54
1539953487.081595 54
1539953487.521567 54
1539953487.941073 54
1539953488.357564 54
1539953488.774645 54
1539953489.214039 54
1539953489.625204 54
1539953490.042349 53
1539953490.460816 54
1539953490.911472 54
1539953491.325444 54
1539953491.741754 54
1539953492.151005 54
1539953492.601191 54
1539953493.013086 54
1539953493.441071 54
1539953493.849705 54
1539953494.298295 54
1539953494.709608 54
1539953495.124530 53
1539953495.535762 54
1539953496.014669 54
1539953496.433702 54
1539953496.851256 54
1539953497.269350 54
1539953497.746097 53
1539953498.179947 54
1539953498.594062 54
1539953499.010500 54
1539953499.488912 54
1539953499.924098 54
1539953500.342443 54
1539953500.752475 54
1539953501.203429 54
1539953501.633057 54
1539953502.049445 54
1539953502.465907 54
1539953502.941575 54
1539953503.349704 54
1539953503.769690 54
1539953504.175214 54
1539953504.632215 54
1539953505.040600 54
1539953505.461644 54
1539953505.875039 54
1539953506.292859 54
1539953506.704487 54
1539953507.112757 54
1539953507.521029 54
1539953507.939004 54
1539953508.352914 54
1539953508.767721 54
1539953509.225670 54
1539953509.662220 54
1539953510.083528 54
1539953510.500386 54
1539953510.993850 54
1539953511.437617 54
1539953511.854075 54
1539953512.272545 54
1539953512.755575 53
1539953513.184574 54
1539953513.600816 54
1539953514.011742 54
1539953514.507554 54
1539953514.924613 54
1539953515.342033 53
1539953515.754342 54
1539953516.205737 55
1539953516.618725 54
1539953517.029298 54
1539953517.443666 54
1539953517.856320 54
1539953518.275643 54
1539953518.683942 54
1539953519.098258 54
1539953519.530368 54
1539953519.948521 54
1539953520.357639 54
1539953520.801752 54
1539953521.216624 54
1539953521.627440 54
1539953522.051424 54
1539953522.534779 54
1539953522.977184 54
1539953523.400570 54
1539953523.805326 54
1539953524.275323 54
1539953524.686880 54
1539953525.100881 54
1539953525.514039 54
1539953525.952363 54
1539953526.360308 54
1539953526.783385 54
1539953527.190105 54
1539953527.674963 54
1539953528.101137 54
1539953528.521010 54
1539953528.935837 54
1539953529.417149 55
1539953529.820787 54
1539953530.237710 54
1539953530.646630 54
1539953531.067477 54
1539953531.489183 54
1539953531.911394 54
1539953532.322104 54
1539953532.768995 54
1539953533.182690 54
1539953533.602594 54
1539953534.018668 54
1539953534.506059 54
1539953534.926338 54
1539953535.340929 54
1539953535.748167 54
1539953536.209607 54
1539953536.618294 54
1539953537.028484 54
1539953537.446664 54
1539953537.865021 54
1539953538.282646 54
1539953538.694071 54
1539953539.103674 54
1539953539.520108 54
1539953539.937505 54
1539953540.346638 54
1539953540.793367 54
1539953541.231073 54
1539953541.636155 54
1539953542.045107 54
1539953542.474739 54
1539953542.894922 54
1539953543.306084 54
1539953543.720251 54
1539953544.161460 54
1539953544.577837 54
1539953544.999572 54
1539953545.420039 55
1539953545.856891 54
1539953546.277911 54
1539953546.696077 54
1539953547.105320 54
1539953547.600219 54
1539953548.039009 54
1539953548.459912 54
1539953548.869208 54
1539953549.354086 54
1539953549.793661 54
1539953550.210320 54
1539953550.618618 54
1539953551.045443 53
1539953551.465108 54
1539953551.882781 54
1539953552.301239 54
1539953552.755128 54
1539953553.165767 54
1539953553.587812 54
1539953554.004880 54
1539953554.493884 54
1539953554.924484 54
1539953555.340915 54
1539953555.750634 54
1539953556.228476 54
1539953556.637691 54
1539953557.046515 54
1539953557.465769 54
1539953557.905678 54
1539953558.316738 54
1539953558.729637 54
1539953559.135320 54
1539953559.563695 54
1539953559.979784 54
1539953560.400395 54
1539953560.807829 54
1539953561.219114 54
1539953561.628917 54
1539953562.037193 54
1539953562.488534 54
1539953562.928387 55
1539953563.347975 54
1539953563.758256 54
1539953564.215740 54
1539953564.624457 54
1539953565.040726 54
1539953565.458525 54
1539953565.955579 54
1539953566.396895 54
1539953566.820048 54
1539953567.231508 54
1539953567.680480 54
1539953568.101488 54
1539953568.525041 54
1539953568.941489 55
1539953569.375517 54
1539953569.795484 54
1539953570.215843 54
1539953570.626753 54
1539953571.061932 54
1539953571.498961 54
1539953571.923125 54
1539953572.331519 54
1539953572.789162 54
1539953573.199178 55
1539953573.605596 54
1539953574.018601 54
1539953574.440633 54
1539953574.851518 54
1539953575.266105 54
1539953575.673411 55
1539953576.099302 54
1539953576.517732 54
1539953576.941029 54
1539953577.404579 54
1539953577.814104 54
1539953578.230912 54
1539953578.641288 54
1539953579.115499 54
1539953579.559944 54
1539953579.981301 54
1539953580.399537 54
1539953580.836453 54
1539953581.249378 54
1539953581.669775 54
1539953582.085244 54
1539953582.531887 53
1539953582.949267 54
1539953583.361506 54
1539953583.776046 54
1539953584.253770 54
1539953584.689010 54
1539953585.107911 54
1539953585.522813 54
1539953585.967172 54
1539953586.381180 54
1539953586.804755 55
1539953587.209082 54
1539953587.652051 54
1539953588.068968 55
1539953588.488111 54
1539953588.904511 54
1539953589.399463 54
1539953589.818040 54
1539953590.232487 54
1539953590.643708 55
1539953591.083193 54
1539953591.507778 54
1539953591.924492 54
1539953592.335352 55
1539953592.777539 54
1539953593.187752 55
1539953593.596813 54
1539953594.014794 54
1539953594.473785 54
1539953594.885220 54
1539953595.299458 54
1539953595.704397 54
1539953596.123220 54
1539953596.535642 54
1539953596.955539 54
1539953597.368149 54
1539953597.793125 54
1539953598.201072 54
1539953598.613942 55
1539953599.076232 54
1539953599.496515 55
1539953599.919856 54
1539953600.329214 54
1539953600.805080 54
1539953601.236780 54
1539953601.658112 54
1539953602.066741 53
1539953602.553650 54
1539953602.993698 54
1539953603.419690 55
1539953603.830683 54
1539953604.315666 54
1539953604.750120 55
1539953605.164631 54
1539953605.573429 55
1539953606.034534 54
1539953606.454197 54
1539953606.873140 55
1539953607.290768 54
1539953607.760535 54
1539953608.166839 54
1539953608.581815 54
1539953609.002047 54
1539953609.445805 54
1539953609.855412 54
1539953610.269974 54
1539953610.680960 54
1539953611.094380 54
1539953611.509079 54
1539953611.926897 55
1539953612.350903 54
1539953612.803724 54
1539953613.216413 54
1539953613.633429 54
1539953614.113097 54
1539953614.552142 54
1539953614.975619 54
1539953615.390240 54
1539953615.853825 54
1539953616.268891 54
1539953616.688602 54
1539953617.098334 54
1539953617.566547 54
1539953617.987544 54
1539953618.411517 54
1539953618.822127 54
1539953619.258894 54
1539953619.671616 54
1539953620.087380 54
1539953620.504920 54
1539953620.955323 54
1539953621.370296 54
1539953621.795819 54
1539953622.202031 54
1539953622.681024 54
1539953623.092999 54
1539953623.515257 54
1539953623.933190 54
1539953624.380319 54
1539953624.798259 54
1539953625.215330 55
1539953625.624552 55
1539953626.097741 54
1539953626.525875 54
1539953626.951442 54
1539953627.363993 54
1539953627.786324 54
1539953628.201071 55
1539953628.619636 54
1539953629.030750 54
1539953629.500130 54
1539953629.936544 54
1539953630.354769 54
1539953630.766900 54
1539953631.212659 54
1539953631.627545 54
1539953632.039772 55
1539953632.454977 54
1539953632.915969 54
1539953633.326829 54
1539953633.739065 54
1539953634.146711 54
1539953634.569688 54
1539953634.984977 54
1539953635.401178 54
1539953635.809342 54
1539953636.224098 54
1539953636.633717 54
1539953637.040633 54
1539953637.495385 54
1539953637.945318 55
1539953638.362050 54
1539953638.776750 55
1539953639.211695 54
1539953639.625126 54
1539953640.043449 54
1539953640.458851 54
1539953640.874082 54
1539953641.294558 54
1539953641.712373 54
1539953642.121126 54
1539953642.595393 54
1539953643.032087 54
1539953643.457850 54
1539953643.869171 54
1539953644.332390 54
1539953644.743696 54
1539953645.160239 54
1539953645.569080 54
1539953646.023787 54
1539953646.445462 55
1539953646.860474 54
1539953647.276687 54
1539953647.728739 54
1539953648.141894 54
1539953648.571566 54
1539953648.990407 54
1539953649.466685 54
1539953649.886519 54
1539953650.304459 54
1539953650.715742 54
1539953651.163244 54
1539953651.574822 54
1539953651.994955 55
1539953652.411982 54
1539953652.863787 54
1539953653.282554 54
1539953653.694065 53
1539953654.105340 54
1539953654.553495 54
1539953654.972020 55
1539953655.384692 54
1539953655.801143 54
1539953656.217455 54
1539953656.626561 54
1539953657.043956 54
1539953657.482579 54
1539953657.926626 54
1539953658.335478 54
1539953658.755730 55
1539953659.207654 54
1539953659.620276 54
1539953660.044670 54
1539953660.464765 54
1539953660.960525 54
1539953661.393621 54
1539953661.820652 54
1539953662.232200 54
1539953662.697916 54
1539953663.113273 54
1539953663.538571 54
1539953663.957724 54
1539953664.448888 54
1539953664.865499 54
1539953665.281849 55
1539953665.692341 54
1539953666.152375 54
1539953666.565918 54
1539953666.985448 54
1539953667.400765 54
1539953667.838929 54
1539953668.251954 54
1539953668.663417 54
1539953669.073389 54
1539953669.495608 54
1539953669.918596 54
1539953670.331029 54
1539953670.776573 54
1539953671.214465 54
1539953671.625903 55
1539953672.045598 54
1539953672.536163 55
1539953672.978539 55
1539953673.399899 54
1539953673.813486 54
1539953674.282386 54
1539953674.695322 55
1539953675.114595 54
1539953675.535433 54
1539953675.985189 54
1539953676.399536 54
1539953676.822534 55
1539953677.234416 54
1539953677.715594 54
1539953678.150468 54
1539953678.573295 54
1539953678.992779 54
1539953679.459913 54
1539953679.874111 54
1539953680.290987 54
1539953680.702337 55
1539953681.116695 54
1539953681.536442 54
1539953681.956517 54
1539953682.368039 54
1539953682.805348 54
1539953683.218278 54
1539953683.629644 54
1539953684.077575 54
1539953684.499223 55
1539953684.925059 55
1539953685.336673 54
1539953685.796726 54
1539953686.213661 55
1539953686.634361 54
1539953687.046917 54
1539953687.533429 54
1539953687.988709 54
1539953688.416505 54
1539953688.824229 54
1539953689.306586 54
1539953689.735732 54
1539953690.150841 54
1539953690.562533 54
1539953691.027242 55
1539953691.446795 54
1539953691.858922 54
1539953692.270435 54
1539953692.683970 54
1539953693.095982 54
1539953693.511832 54
1539953693.930502 55
1539953694.359602 55
1539953694.769586 55
1539953695.180542 54
1539953695.643141 54
1539953696.084561 54
1539953696.510324 54
1539953696.928779 54
1539953697.419152 55
1539953697.858495 54
1539953698.278972 55
1539953698.688143 54
1539953699.130578 54
1539953699.566135 54
1539953699.992817 54
1539953700.406434 54
1539953700.831759 54
1539953701.242242 54
1539953701.655597 54
1539953702.070090 54
1539953702.507789 54
1539953702.924547 54
1539953703.336484 54
1539953703.745271 55
1539953704.159445 54
1539953704.570957 54
1539953704.985904 54
1539953705.453376 54
1539953705.875248 54
1539953706.295617 54
1539953706.705271 54
1539953707.183367 54
1539953707.610067 54
1539953708.035936 54
1539953708.456477 54
1539953708.943058 55
1539953709.380581 54
1539953709.802723 54
1539953710.212589 55
1539953710.713207 54
1539953711.130931 55
1539953711.555888 54
1539953711.973827 55
1539953712.424194 55
1539953712.838008 54
1539953713.251634 54
1539953713.661566 55
1539953714.099847 54
1539953714.518450 54
1539953714.932996 54
1539953715.346485 54
1539953715.761643 55
1539953716.172490 55
1539953716.585262 54
1539953717.035192 54
1539953717.478774 54
1539953717.900156 54
1539953718.313893 54
1539953718.785133 54
1539953719.196401 55
1539953719.613598 54
1539953720.031712 54
1539953720.493532 54
1539953720.935276 54
1539953721.353393 54
1539953721.761534 54
1539953722.253479 54
1539953722.681360 55
1539953723.099787 54
1539953723.516708 54
1539953723.964565 54
1539953724.380266 54
1539953724.795864 54
1539953725.208272 54
1539953725.651076 54
1539953726.066154 54
1539953726.486517 55
1539953726.893486 54
1539953727.349715 54
1539953727.765382 54
1539953728.178797 54
1539953728.591336 54
1539953729.041884 54
1539953729.459951 54
1539953729.867334 54
1539953730.279978 54
1539953730.699763 54
1539953731.113994 54
1539953731.528062 54
1539953731.942336 54
1539953732.354361 54
1539953732.762872 55
1539953733.173171 54
1539953733.633113 54
1539953734.072350 55
1539953734.498258 54
1539953734.913634 54
1539953735.353189 54
1539953735.764072 54
1539953736.185941 54
1539953736.600202 54
1539953737.063026 54
1539953737.480705 55
1539953737.898229 54
1539953738.313957 54
1539953738.783064 55
1539953739.191290 54
1539953739.611483 54
1539953740.025704 54
1539953740.477632 54
1539953740.890005 54
1539953741.313660 54
1539953741.723277 54
1539953742.206471 54
1539953742.639095 54
1539953743.056480 54
1539953743.472578 54
1539953743.943668 54
1539953744.359264 54
1539953744.768700 54
1539953745.177153 55
1539953745.622723 54
1539953746.038440 54
1539953746.463773 54
1539953746.872715 54
1539953747.358408 55
1539953747.768608 54
1539953748.185284 54
1539953748.597759 54
1539953749.060735 54
1539953749.477782 54
1539953749.889347 54
1539953750.304220 54
1539953750.718810 54
1539953751.129779 54
1539953751.547759 54
1539953751.961951 54
1539953752.384987 55
1539953752.803609 55
1539953753.213199 54
1539953753.675463 54
1539953754.108465 54
1539953754.537456 54
1539953754.952772 54
1539953755.436357 54
1539953755.869418 55
1539953756.290851 54
1539953756.700101 55
1539953757.183088 55
1539953757.620991 54
1539953758.042954 54
1539953758.469099 54
1539953758.939625 55
1539953759.350117 55
1539953759.763417 54
1539953760.174306 55
1539953760.604769 54
1539953761.023463 54
1539953761.438097 54
1539953761.849127 54
1539953762.263611 55
1539953762.675201 55
1539953763.087612 54
1539953763.552603 55
1539953763.970420 54
1539953764.386460 54
1539953764.801552 55
1539953765.285189 54
1539953765.719961 54
1539953766.135592 54
1539953766.549735 54
1539953766.988280 54
1539953767.403413 54
1539953767.825719 54
1539953768.239378 54
1539953768.725769 54
1539953769.152883 54
1539953769.575742 55
1539953769.992816 55
1539953770.466554 55
1539953770.873877 54
1539953771.288039 54
1539953771.696057 54
1539953772.125349 55
1539953772.543821 54
1539953772.959758 54
1539953773.370024 55
1539953773.782968 54
1539953774.194161 55
1539953774.608601 55
1539953775.063308 54
1539953775.509767 54
1539953775.932563 54
1539953776.345135 55
1539953776.833412 55
1539953777.263149 54
1539953777.682747 54
1539953778.090450 55
1539953778.547974 55
1539953778.969227 54
1539953779.391146 54
1539953779.806296 54
1539953780.261713 55
1539953780.675434 54
1539953781.096327 54
1539953781.523430 54
1539953782.006578 54
1539953782.426036 54
1539953782.841032 54
1539953783.252087 54
1539953783.696819 54
1539953784.110637 54
1539953784.531844 54
1539953784.943452 54
1539953785.359557 54
1539953785.778641 55
1539953786.191099 54
1539953786.626308 54
1539953787.062884 55
1539953787.489602 54
1539953787.904943 54
1539953788.395623 54
1539953788.843883 54
1539953789.263942 55
1539953789.671894 54
1539953790.120897 55
1539953790.540651 55
1539953790.964097 54
1539953791.380822 54
1539953791.832895 54
1539953792.248847 54
1539953792.668870 54
1539953793.082169 55
1539953793.541815 54
1539953793.963916 55
1539953794.374881 54
1539953794.789248 54
1539953795.265188 54
1539953795.685770 55
1539953796.108055 55
1539953796.529334 54
1539953796.987919 54
1539953797.398899 54
1539953797.814495 54
1539953798.224575 54
1539953798.640337 54
1539953799.055161 54
1539953799.474223 54
1539953799.903818 54
1539953800.355665 55
1539953800.768532 55
1539953801.189912 54
1539953801.656134 54
1539953802.070745 54
1539953802.502238 55
1539953802.922037 54
1539953803.404494 54
1539953803.859980 54
1539953804.281910 54
1539953804.691078 54
1539953805.139533 54
1539953805.562136 54
1539953805.989515 54
1539953806.403625 54
1539953806.852156 54
1539953807.260700 54
1539953807.673509 54
1539953808.109273 54
1539953808.535084 54
1539953808.953881 54
1539953809.365870 54
1539953809.778776 54
1539953810.211492 54
1539953810.621408 54
1539953811.034204 54
1539953811.487144 54
1539953811.906113 54
1539953812.329144 54
1539953812.739640 54
1539953813.233219 54
1539953813.665346 54
1539953814.084116 54
1539953814.504843 54
1539953815.003183 54
1539953815.435127 54
1539953815.854700 54
1539953816.270540 54
1539953816.744966 54
1539953817.154785 54
1539953817.569818 54
1539953817.985408 54
1539953818.402166 55
1539953818.824945 54
1539953819.236122 54
1539953819.649505 54
1539953820.073212 55
1539953820.492893 54
1539953820.910806 54
1539953821.345264 54
1539953821.756926 55
1539953822.170564 54
1539953822.589226 54
1539953823.054818 54
1539953823.473401 54
1539953823.900314 54
1539953824.312653 55
1539953824.791936 54
1539953825.230439 54
1539953825.646013 54
1539953826.057461 54
1539953826.508149 54
1539953826.925717 54
1539953827.345321 55
1539953827.756212 54
1539953828.208721 55
1539953828.620087 54
1539953829.043722 54
1539953829.467417 54
1539953829.946713 54
1539953830.360894 54
1539953830.771687 54
1539953831.181090 54
1539953831.618398 54
1539953832.034646 54
1539953832.460813 54
1539953832.873242 54
1539953833.345412 54
1539953833.759683 54
1539953834.176601 54
1539953834.586090 54
1539953835.039437 55
1539953835.458748 54
1539953835.869918 54
1539953836.283998 55
1539953836.698038 54
1539953837.104482 54
1539953837.522280 54
1539953837.935392 54
1539953838.356705 54
1539953838.765247 55
1539953839.175330 54
1539953839.626311 54
1539953840.046184 54
1539953840.474875 54
1539953840.882715 54
1539953841.317301 54
1539953841.728032 54
1539953842.144868 54
1539953842.557700 54
1539953843.012238 54
1539953843.429212 54
1539953843.847585 54
1539953844.260021 55
1539953844.725511 54
1539953845.130990 54
1539953845.556652 54
1539953845.979116 54
1539953846.424339 54
1539953846.840456 55
1539953847.258999 54
1539953847.668229 54
1539953848.153616 54
1539953848.592251 55
1539953849.020625 54
1539953849.436118 55
1539953849.925785 54
1539953850.336804 55
1539953850.753581 54
1539953851.162319 54
1539953851.620836 55
1539953852.040094 54
1539953852.457820 55
1539953852.868422 54
1539953853.284952 54
1539953853.695896 54
1539953854.104868 55
1539953854.523361 55
1539953854.969572 54
1539953855.375588 54
1539953855.794774 54
1539953856.272267 54
1539953856.710049 54
1539953857.126694 54
1539953857.544313 54
1539953858.019946 54
1539953858.436266 54
1539953858.856113 55
1539953859.265578 55
1539953859.712598 54
1539953860.125690 54
1539953860.552473 54
1539953860.970787 54
1539953861.452285 54
1539953861.873819 54
1539953862.295838 54
1539953862.706227 54
1539953863.184900 54
1539953863.619760 55
1539953864.046086 54
1539953864.462476 54
1539953864.937209 55
1539953865.346752 54
1539953865.760875 54
1539953866.175435 54
1539953866.612892 54
1539953867.042091 54
1539953867.460429 54
1539953867.872687 54
1539953868.291229 55
1539953868.700840 54
1539953869.109802 55
1539953869.556286 54
1539953870.012967 54
1539953870.438174 55
1539953870.850682 54
1539953871.300820 55
1539953871.714661 54
1539953872.138564 54
1539953872.555602 54
1539953873.027627 55
1539953873.443255 55
1539953873.862538 55
1539953874.272930 55
1539953874.706438 54
1539953875.117974 54
1539953875.542770 54
1539953875.960015 54
1539953876.391883 54
1539953876.806629 55
1539953877.225312 54
1539953877.641635 54
1539953878.092893 54
1539953878.515831 54
1539953878.940579 54
1539953879.352743 54
1539953879.831474 54
1539953880.241162 54
1539953880.660011 54
1539953881.071011 54
1539953881.522848 54
1539953881.941074 55
1539953882.354474 54
1539953882.763311 54
1539953883.191579 54
1539953883.603580 55
1539953884.018311 54
1539953884.463532 54
1539953884.902703 54
1539953885.325280 54
1539953885.735691 54
1539953886.176683 54
1539953886.592805 54
1539953887.016164 54
1539953887.431791 54
1539953887.898560 55
1539953888.322111 54
1539953888.742190 54
1539953889.153133 54
1539953889.589520 54
1539953890.012307 54
1539953890.438930 55
1539953890.851389 55
1539953891.336925 55
1539953891.781076 54
1539953892.199929 55
1539953892.611404 54
1539953893.062225 54
1539953893.483075 54
1539953893.900486 54
1539953894.313477 54
1539953894.763298 54
1539953895.174041 55
1539953895.585003 54
1539953896.002256 54
1539953896.446456 54
1539953896.860384 54
1539953897.276246 55
1539953897.685647 54
1539953898.100115 54
1539953898.522652 54
1539953898.940596 54
1539953899.373783 54
1539953899.825322 54
1539953900.240565 54
1539953900.661052 54
1539953901.146714 55
1539953901.582566 54
1539953902.004515 55
1539953902.416915 54
1539953902.897999 54
1539953903.315834 54
1539953903.733378 54
1539953904.146273 54
1539953904.630952 54
1539953905.081961 54
1539953905.506338 54
1539953905.912403 54
1539953906.403860 54
1539953906.828145 54
1539953907.244040 55
1539953907.655950 54
1539953908.111686 55
1539953908.531048 54
1539953908.946067 54
1539953909.359832 54
1539953909.776857 54
1539953910.190816 54
1539953910.606190 54
1539953911.022237 54
1539953911.470130 54
1539953911.874795 54
1539953912.296094 54
1539953912.728626 54
1539953913.144408 54
1539953913.570813 54
1539953913.987760 54
1539953914.437380 54
1539953914.851185 54
1539953915.269631 55
1539953915.678586 54
1539953916.165338 54
1539953916.600825 54
1539953917.021937 54
1539953917.438656 54
1539953917.938323 55
1539953918.371244 54
1539953918.789593 54
1539953919.196828 54
1539953919.676346 55
1539953920.096465 55
1539953920.521732 54
1539953920.936291 54
1539953921.389374 54
1539953921.806480 54
1539953922.218283 54
1539953922.628126 54
1539953923.046722 55
1539953923.465427 54
1539953923.876811 54
1539953924.291817 54
1539953924.729896 54
1539953925.139558 55
1539953925.555935 54
1539953926.034832 54
1539953926.468929 55
1539953926.892061 54
1539953927.306149 55
1539953927.751451 54
1539953928.164384 54
1539953928.588596 54
1539953929.005851 54
1539953929.460308 54
1539953929.869287 54
1539953930.292403 54
1539953930.701869 54
1539953931.185350 54
1539953931.619506 55
1539953932.041584 54
1539953932.462090 55
1539953932.951830 54
1539953933.365119 54
1539953933.782404 54
1539953934.193043 54
1539953934.654552 54
1539953935.068555 54
1539953935.486769 54
1539953935.897970 54
1539953936.315394 54
1539953936.725430 54
1539953937.137445 54
1539953937.554685 54
1539953937.986486 55
1539953938.395481 54
1539953938.809717 54
1539953939.255618 54
1539953939.669133 54
1539953940.087699 54
1539953940.507608 54
1539953940.995816 54
1539953941.443925 54
1539953941.864530 54
1539953942.278505 54
1539953942.719846 54
1539953943.133291 54
1539953943.565501 54
1539953943.979789 54
1539953944.465985 54
1539953944.896649 54
1539953945.320143 54
1539953945.728926 54
1539953946.198615 54
1539953946.610237 54
1539953947.023769 54
1539953947.437712 54
1539953947.863055 54
1539953948.282301 54
1539953948.690072 54
1539953949.097774 54
1539953949.520260 54
1539953949.934502 54
1539953950.349626 54
1539953950.803632 54
1539953951.227747 54
1539953951.639049 55
1539953952.061066 54
1539953952.496372 54
1539953952.906331 54
1539953953.331219 54
1539953953.749614 54
1539953954.233077 55
1539953954.669768 54
1539953955.089014 54
1539953955.506298 54
1539953955.993932 54
1539953956.438867 54
1539953956.856867 54
1539953957.268763 55
1539953957.709820 55
1539953958.115184 54
1539953958.533978 54
1539953958.963732 55
1539953959.392007 54
1539953959.804368 54
1539953960.214579 54
1539953960.622691 54
1539953961.040633 54
1539953961.457458 54
1539953961.866718 54
1539953962.323269 54
1539953962.751646 54
1539953963.165668 54
1539953963.585128 54
1539953964.078830 54
1539953964.503405 54
1539953964.927549 54
1539953965.339055 54
1539953965.776603 54
1539953966.204916 54
1539953966.625016 54
1539953967.041891 54
1539953967.536513 54
1539953967.975294 54
1539953968.397880 54
1539953968.811083 54
1539953969.290422 54
1539953969.703664 54
1539953970.115212 54
1539953970.529240 54
1539953970.966896 54
1539953971.377924 54
1539953971.790411 54
1539953972.201369 54
1539953972.615202 54
1539953973.032726 54
1539953973.450390 54
1539953973.906014 55
1539953974.343096 54
1539953974.771224 54
1539953975.183633 54
1539953975.665643 54
1539953976.102854 54
1539953976.532080 53
1539953976.953098 54
1539953977.444334 55
1539953977.881395 54
1539953978.300389 54
1539953978.712322 54
1539953979.150608 54
1539953979.571357 54
1539953979.992897 54
1539953980.404544 55
1539953980.845269 55
1539953981.259111 54
1539953981.670985 54
1539953982.082932 55
1539953982.526170 55
1539953982.941794 54
1539953983.354607 54
1539953983.762992 54
1539953984.174568 54
1539953984.588312 54
1539953985.008270 54
1539953985.459769 54
1539953985.903592 54
1539953986.326734 54
1539953986.740985 54
1539953987.239751 54
1539953987.675012 54
1539953988.104813 54
1539953988.520639 54
1539953989.016300 54
1539953989.445015 54
1539953989.860264 54
1539953990.273273 54
1539953990.745616 54
1539953991.163629 54
1539953991.576767 54
1539953991.996842 54
1539953992.477664 54
1539953992.886123 54
1539953993.303054 54
1539953993.714005 54
1539953994.176311 54
1539953994.591672 55
1539953995.011517 54
1539953995.428975 54
1539953995.844764 54
1539953996.261127 55
1539953996.675499 54
1539953997.086147 55
1539953997.532549 54
1539953997.954266 55
1539953998.374258 54
1539953998.850846 54
1539953999.294687 54
1539953999.715400 54
1539954000.126553 55
1539954000.623258 54
1539954001.060888 54
1539954001.485670 55
1539954001.903699 54
1539954002.386302 54
1539954002.813764 54
1539954003.232532 54
1539954003.646381 54
1539954004.101830 54
1539954004.522235 54
1539954004.938976 54
1539954005.352691 54
1539954005.768285 54
1539954006.181863 54
1539954006.596871 54
1539954007.013816 54
1539954007.438366 54
1539954007.849537 55
1539954008.262328 55
1539954008.689323 54
1539954009.104244 54
1539954009.532131 54
1539954009.950405 55
1539954010.435137 54
1539954010.885986 54
1539954011.308580 55
1539954011.719302 54
1539954012.205567 54
1539954012.642997 55
1539954013.076480 54
1539954013.496303 55
1539954013.963134 55
1539954014.374097 54
1539954014.786750 54
1539954015.198819 54
1539954015.629875 54
1539954016.043216 54
1539954016.462866 54
1539954016.873004 54
1539954017.291135 54
1539954017.699272 54
1539954018.112490 54
1539954018.571000 54
1539954019.003961 54
1539954019.427710 54
1539954019.841454 54
1539954020.315756 54
1539954020.729769 54
1539954021.152204 54
1539954021.570743 54
1539954022.065200 54
1539954022.495438 55
1539954022.916244 54
1539954023.339485 54
1539954023.788947 54
1539954024.203822 54
1539954024.615661 55
1539954025.030447 54
1539954025.480321 54
1539954025.886866 55
1539954026.302090 54
1539954026.712850 54
1539954027.125430 54
1539954027.542999 54
1539954027.961996 54
1539954028.395073 55
1539954028.846270 54
1539954029.255258 54
1539954029.674733 54
1539954030.135607 55
1539954030.555660 54
1539954030.982353 54
1539954031.394576 54
1539954031.873103 54
1539954032.315600 54
1539954032.734977 54
1539954033.144660 54
1539954033.594907 54
1539954034.016664 54
1539954034.445808 54
1539954034.860275 55
1539954035.304824 54
1539954035.717734 54
1539954036.137972 54
1539954036.558533 54
1539954037.012216 54
1539954037.426921 55
1539954037.842960 54
1539954038.254147 54
1539954038.704064 54
1539954039.116450 54
1539954039.533659 55
1539954039.960546 54
1539954040.375930 55
1539954040.785998 54
1539954041.200283 54
1539954041.612078 54
1539954042.053446 54
1539954042.473050 54
1539954042.890980 54
1539954043.323738 54
1539954043.738109 54
1539954044.158008 54
1539954044.574257 54
1539954045.020081 54
1539954045.442400 54
1539954045.859470 54
1539954046.274458 54
1539954046.718657 54
1539954047.127882 55
1539954047.554208 54
1539954047.976481 55
1539954048.434067 55
1539954048.850793 55
1539954049.268461 54
1539954049.678364 54
1539954050.156034 54
1539954050.591543 54
1539954051.026904 54
1539954051.443680 54
1539954051.872592 54
1539954052.284657 54
1539954052.696385 54
1539954053.109420 54
1539954053.528261 55
1539954053.944715 55
1539954054.357947 55
1539954054.813111 55
1539954055.252687 54
1539954055.671817 54
1539954056.088674 54
1539954056.549854 54
1539954056.971734 54
1539954057.390658 54
1539954057.804706 54
1539954058.293124 54
1539954058.725309 54
1539954059.145165 54
1539954059.560336 54
1539954060.004813 55
1539954060.433533 54
1539954060.867849 54
1539954061.285533 54
1539954061.736008 55
1539954062.150275 54
1539954062.566185 54
1539954062.983051 54
1539954063.395044 54
1539954063.812147 54
1539954064.224117 54
1539954064.634224 54
1539954065.053869 54
1539954065.475475 54
1539954065.886899 54
1539954066.322931 55
1539954066.759396 54
1539954067.175539 54
1539954067.586919 54
1539954068.054985 54
1539954068.480464 55
1539954068.900805 54
1539954069.315405 54
1539954069.753685 54
1539954070.167858 55
1539954070.589620 55
1539954071.006059 55
1539954071.478692 54
1539954071.908446 54
1539954072.332051 54
1539954072.741673 54
1539954073.178889 54
1539954073.591058 54
1539954074.013676 54
1539954074.431151 54
1539954074.912253 55
1539954075.328343 54
1539954075.743944 54
1539954076.154063 54
1539954076.603055 55
1539954077.018658 54
1539954077.443657 54
1539954077.858122 55
1539954078.266867 54
1539954078.675265 55
1539954079.089054 55
1539954079.521844 54
1539954079.938601 54
1539954080.353897 54
1539954080.773479 54
1539954081.245901 55
1539954081.692697 54
1539954082.110582 54
1539954082.529425 54
1539954082.976690 54
1539954083.389389 54
1539954083.812937 54
1539954084.222904 54
1539954084.674342 54
1539954085.090595 54
1539954085.518605 54
1539954085.936273 54
1539954086.437151 54
1539954086.851505 54
1539954087.270600 54
1539954087.683916 54
1539954088.134760 54
1539954088.558757 54
1539954088.981598 54
1539954089.391806 54
1539954089.816206 54
1539954090.228781 54
1539954090.642919 54
1539954091.056550 54
1539954091.480411 54
1539954091.888933 54
1539954092.306344 54
1539954092.764850 55
1539954093.202540 55
1539954093.625598 54
1539954094.046551 55
1539954094.501576 54
1539954094.916295 54
1539954095.340263 54
1539954095.752785 54
1539954096.203675 54
1539954096.617948 54
1539954097.044956 54
1539954097.465473 54
1539954097.949875 54
1539954098.378926 54
1539954098.792908 54
1539954099.207387 54
1539954099.684780 54
1539954100.098881 54
1539954100.519932 54
1539954100.930670 54
1539954101.360913 54
1539954101.773775 55
1539954102.188269 54
1539954102.601554 54
1539954103.024033 55
1539954103.440782 54
1539954103.852447 54
1539954104.303890 54
1539954104.742026 54
1539954105.165572 54
1539954105.580042 54
1539954106.016126 54
1539954106.435794 54
1539954106.859679 54
1539954107.270997 54
1539954107.722774 55
1539954108.153504 54
1539954108.580547 54
1539954109.004408 54
1539954109.450155 54
1539954109.864878 54
1539954110.285212 54
1539954110.696892 54
1539954111.145580 54
1539954111.570984 54
1539954111.999340 54
1539954112.411620 55
1539954112.853339 55
1539954113.263487 54
1539954113.674326 55
1539954114.090870 54
1539954114.513301 54
1539954114.930366 54
1539954115.343824 54
1539954115.793346 55
1539954116.223832 55
1539954116.635121 54
1539954117.055094 54
1539954117.535540 54
1539954117.977838 54
1539954118.395979 55
1539954118.812425 54
1539954119.296486 54
1539954119.732629 54
1539954120.152437 54
1539954120.568068 54
1539954121.061626 55
1539954121.489429 54
1539954121.908012 54
1539954122.324556 54
1539954122.750122 54
1539954123.159957 55
1539954123.575305 55
1539954123.995905 55
1539954124.411153 54
1539954124.826336 54
1539954125.239502 54
1539954125.693302 55
1539954126.129019 55
1539954126.556207 54
1539954126.973267 54
1539954127.465817 54
1539954127.902148 54
1539954128.325610 55
1539954128.738965 55
1539954129.184952 54
1539954129.601800 54
1539954130.022913 54
1539954130.439253 54
1539954130.923441 54
1539954131.335941 54
1539954131.748803 54
1539954132.159877 54
1539954132.632959 54
1539954133.051512 55
1539954133.472162 54
1539954133.881460 54
1539954134.301841 54
1539954134.712411 54
1539954135.124349 54
1539954135.542453 55
1539954135.962192 55
1539954136.374045 54
1539954136.788732 54
1539954137.235523 55
1539954137.653036 55
1539954138.074923 54
1539954138.494562 54
1539954138.937701 54
1539954139.362204 54
1539954139.781717 54
1539954140.195846 54
1539954140.638595 54
1539954141.056580 54
1539954141.484550 55
1539954141.895853 54
1539954142.340207 55
1539954142.753912 54
1539954143.172140 54
1539954143.586208 54
1539954144.029348 54
1539954144.452415 54
1539954144.863811 54
1539954145.273733 54
1539954145.755662 54
1539954146.190059 54
1539954146.607786 54
1539954147.023228 54
1539954147.490185 54
1539954147.904780 54
1539954148.324409 54
1539954148.735105 54
1539954149.156211 54
1539954149.573788 55
1539954149.989864 55
1539954150.402709 54
1539954150.834995 54
1539954151.246103 55
1539954151.659162 55
1539954152.082732 54
1539954152.504458 54
1539954152.929516 54
1539954153.339920 54
1539954153.775976 54
1539954154.190205 54
1539954154.609053 54
1539954155.025172 54
1539954155.482962 54
1539954155.895173 55
1539954156.323536 54
1539954156.733277 54
1539954157.168011 55
1539954157.585012 54
1539954158.011263 54
1539954158.428322 54
1539954158.862438 54
1539954159.294371 54
1539954159.718523 54
1539954160.128596 54
1539954160.615322 55
1539954161.055038 54
1539954161.484472 54
1539954161.895167 54
1539954162.369936 54
1539954162.781887 55
1539954163.194020 55
1539954163.605651 54
1539954164.026850 54
1539954164.449906 54
1539954164.862551 55
1539954165.273234 54
1539954165.705406 54
1539954166.116606 54
1539954166.535434 54
1539954166.996505 54
1539954167.412964 54
1539954167.835702 54
1539954168.249455 54
1539954168.706013 54
1539954169.120061 54
1539954169.549018 55
1539954169.966465 54
1539954170.411733 54
1539954170.823199 54
1539954171.245591 55
1539954171.660124 54
1539954172.135677 54
1539954172.583334 54
1539954173.010572 54
1539954173.428117 54
BENCHMARK ENDED
